This is pdfTeX, Version 3.14159265-2.6-1.40.21 (MiKTeX 20.7) (preloaded format=pdflatex 2020.8.30)  27 DEC 2020 20:29
entering extended mode
**"./Compte Rendu.tex"
("Compte Rendu.tex"
LaTeX2e <2020-02-02> patch level 5
L3 programming layer <2020-08-07>
("C:\Users\Cartron Mathurin\AppData\Local\Programs\MiKTeX\tex/latex/base\articl
e.cls"
Document Class: article 2019/12/20 v1.4l Standard LaTeX document class

("C:\Users\Cartron Mathurin\AppData\Local\Programs\MiKTeX\tex/latex/base\size10
.clo"
File: size10.clo 2019/12/20 v1.4l Standard LaTeX file (size option)
)
\c@part=\count168
\c@section=\count169
\c@subsection=\count170
\c@subsubsection=\count171
\c@paragraph=\count172
\c@subparagraph=\count173
\c@figure=\count174
\c@table=\count175
\abovecaptionskip=\skip47
\belowcaptionskip=\skip48
\bibindent=\dimen134
)
("C:\Users\Cartron Mathurin\AppData\Local\Programs\MiKTeX\tex/latex/base\inpute
nc.sty"
Package: inputenc 2018/08/11 v1.3c Input encoding file
\inpenc@prehook=\toks15
\inpenc@posthook=\toks16
)
("C:\Users\Cartron Mathurin\AppData\Local\Programs\MiKTeX\tex/latex/amsmath\ams
math.sty"
Package: amsmath 2020/01/20 v2.17e AMS math features
\@mathmargin=\skip49

For additional information on amsmath, use the `?' option.

("C:\Users\Cartron Mathurin\AppData\Local\Programs\MiKTeX\tex/latex/amsmath\ams
text.sty"
Package: amstext 2000/06/29 v2.01 AMS text

("C:\Users\Cartron Mathurin\AppData\Local\Programs\MiKTeX\tex/latex/amsmath\ams
gen.sty"
File: amsgen.sty 1999/11/30 v2.0 generic functions
\@emptytoks=\toks17
\ex@=\dimen135
))
("C:\Users\Cartron Mathurin\AppData\Local\Programs\MiKTeX\tex/latex/amsmath\ams
bsy.sty"
Package: amsbsy 1999/11/29 v1.2d Bold Symbols
\pmbraise@=\dimen136
)
("C:\Users\Cartron Mathurin\AppData\Local\Programs\MiKTeX\tex/latex/amsmath\ams
opn.sty"
Package: amsopn 2016/03/08 v2.02 operator names
)
\inf@bad=\count176
LaTeX Info: Redefining \frac on input line 227.
\uproot@=\count177
\leftroot@=\count178
LaTeX Info: Redefining \overline on input line 389.
\classnum@=\count179
\DOTSCASE@=\count180
LaTeX Info: Redefining \ldots on input line 486.
LaTeX Info: Redefining \dots on input line 489.
LaTeX Info: Redefining \cdots on input line 610.
\Mathstrutbox@=\box45
\strutbox@=\box46
\big@size=\dimen137
LaTeX Font Info:    Redeclaring font encoding OML on input line 733.
LaTeX Font Info:    Redeclaring font encoding OMS on input line 734.
\macc@depth=\count181
\c@MaxMatrixCols=\count182
\dotsspace@=\muskip16
\c@parentequation=\count183
\dspbrk@lvl=\count184
\tag@help=\toks18
\row@=\count185
\column@=\count186
\maxfields@=\count187
\andhelp@=\toks19
\eqnshift@=\dimen138
\alignsep@=\dimen139
\tagshift@=\dimen140
\tagwidth@=\dimen141
\totwidth@=\dimen142
\lineht@=\dimen143
\@envbody=\toks20
\multlinegap=\skip50
\multlinetaggap=\skip51
\mathdisplay@stack=\toks21
LaTeX Info: Redefining \[ on input line 2859.
LaTeX Info: Redefining \] on input line 2860.
)
("C:\Users\Cartron Mathurin\AppData\Local\Programs\MiKTeX\tex/latex/amsfonts\am
sfonts.sty"
Package: amsfonts 2013/01/14 v3.01 Basic AMSFonts support
\symAMSa=\mathgroup4
\symAMSb=\mathgroup5
LaTeX Font Info:    Redeclaring math symbol \hbar on input line 98.
LaTeX Font Info:    Overwriting math alphabet `\mathfrak' in version `bold'
(Font)                  U/euf/m/n --> U/euf/b/n on input line 106.
)
("C:\Users\Cartron Mathurin\AppData\Local\Programs\MiKTeX\tex/latex/amsfonts\am
ssymb.sty"
Package: amssymb 2013/01/14 v3.01 AMS font symbols
)
("C:\Users\Cartron Mathurin\AppData\Local\Programs\MiKTeX\tex/latex/geometry\ge
ometry.sty"
Package: geometry 2020/01/02 v5.9 Page Geometry

("C:\Users\Cartron Mathurin\AppData\Local\Programs\MiKTeX\tex/latex/graphics\ke
yval.sty"
Package: keyval 2014/10/28 v1.15 key=value parser (DPC)
\KV@toks@=\toks22
)
("C:\Users\Cartron Mathurin\AppData\Local\Programs\MiKTeX\tex/generic/iftex\ifv
tex.sty"
Package: ifvtex 2019/10/25 v1.7 ifvtex legacy package. Use iftex instead.

("C:\Users\Cartron Mathurin\AppData\Local\Programs\MiKTeX\tex/generic/iftex\ift
ex.sty"
Package: iftex 2020/03/06 v1.0d TeX engine tests
))
\Gm@cnth=\count188
\Gm@cntv=\count189
\c@Gm@tempcnt=\count190
\Gm@bindingoffset=\dimen144
\Gm@wd@mp=\dimen145
\Gm@odd@mp=\dimen146
\Gm@even@mp=\dimen147
\Gm@layoutwidth=\dimen148
\Gm@layoutheight=\dimen149
\Gm@layouthoffset=\dimen150
\Gm@layoutvoffset=\dimen151
\Gm@dimlist=\toks23

("C:\Users\Cartron Mathurin\AppData\Local\Programs\MiKTeX\tex/latex/geometry\ge
ometry.cfg"))
("C:\Users\Cartron Mathurin\AppData\Local\Programs\MiKTeX\tex/latex/tools\calc.
sty"
Package: calc 2017/05/25 v4.3 Infix arithmetic (KKT,FJ)
\calc@Acount=\count191
\calc@Bcount=\count192
\calc@Adimen=\dimen152
\calc@Bdimen=\dimen153
\calc@Askip=\skip52
\calc@Bskip=\skip53
LaTeX Info: Redefining \setlength on input line 80.
LaTeX Info: Redefining \addtolength on input line 81.
\calc@Ccount=\count193
\calc@Cskip=\skip54
)
("C:\Users\Cartron Mathurin\AppData\Local\Programs\MiKTeX\tex/latex/caption\sub
caption.sty"
Package: subcaption 2020/01/22 v1.3d Sub-captions (AR)

("C:\Users\Cartron Mathurin\AppData\Local\Programs\MiKTeX\tex/latex/caption\cap
tion.sty"
Package: caption 2020/05/30 v3.4k Customizing captions (AR)

("C:\Users\Cartron Mathurin\AppData\Local\Programs\MiKTeX\tex/latex/caption\cap
tion3.sty"
Package: caption3 2020/07/20 v1.12b caption3 kernel (AR)
Package caption3 Info: TeX engine: e-TeX on input line 61.
\captionmargin=\dimen154
\captionmargin@=\dimen155
\captionwidth=\dimen156
\caption@tempdima=\dimen157
\caption@indent=\dimen158
\caption@parindent=\dimen159
\caption@hangindent=\dimen160
Package caption Info: Standard document class detected.
)
\c@caption@flags=\count194
\c@continuedfloat=\count195
)
\c@subfigure=\count196
\c@subtable=\count197
)
("C:\Users\Cartron Mathurin\AppData\Local\Programs\MiKTeX\tex/latex/graphics\gr
aphicx.sty"
Package: graphicx 2019/11/30 v1.2a Enhanced LaTeX Graphics (DPC,SPQR)

("C:\Users\Cartron Mathurin\AppData\Local\Programs\MiKTeX\tex/latex/graphics\gr
aphics.sty"
Package: graphics 2019/11/30 v1.4a Standard LaTeX Graphics (DPC,SPQR)

("C:\Users\Cartron Mathurin\AppData\Local\Programs\MiKTeX\tex/latex/graphics\tr
ig.sty"
Package: trig 2016/01/03 v1.10 sin cos tan (DPC)
)
("C:\Users\Cartron Mathurin\AppData\Local\Programs\MiKTeX\tex/latex/graphics-cf
g\graphics.cfg"
File: graphics.cfg 2016/06/04 v1.11 sample graphics configuration
)
Package graphics Info: Driver file: pdftex.def on input line 105.

("C:\Users\Cartron Mathurin\AppData\Local\Programs\MiKTeX\tex/latex/graphics-de
f\pdftex.def"
File: pdftex.def 2018/01/08 v1.0l Graphics/color driver for pdftex
))
\Gin@req@height=\dimen161
\Gin@req@width=\dimen162
)
("C:\Users\Cartron Mathurin\AppData\Local\Programs\MiKTeX\tex/latex/hyperref\hy
perref.sty"
Package: hyperref 2020-05-15 v7.00e Hypertext links for LaTeX

("C:\Users\Cartron Mathurin\AppData\Local\Programs\MiKTeX\tex/generic/ltxcmds\l
txcmds.sty"
Package: ltxcmds 2019/12/15 v1.24 LaTeX kernel commands for general use (HO)
)
("C:\Users\Cartron Mathurin\AppData\Local\Programs\MiKTeX\tex/generic/pdftexcmd
s\pdftexcmds.sty"
Package: pdftexcmds 2020-06-27 v0.33 Utility functions of pdfTeX for LuaTeX (HO
)

("C:\Users\Cartron Mathurin\AppData\Local\Programs\MiKTeX\tex/generic/infwarerr
\infwarerr.sty"
Package: infwarerr 2019/12/03 v1.5 Providing info/warning/error messages (HO)
)
Package pdftexcmds Info: \pdf@primitive is available.
Package pdftexcmds Info: \pdf@ifprimitive is available.
Package pdftexcmds Info: \pdfdraftmode found.
)
("C:\Users\Cartron Mathurin\AppData\Local\Programs\MiKTeX\tex/generic/kvsetkeys
\kvsetkeys.sty"
Package: kvsetkeys 2019/12/15 v1.18 Key value parser (HO)
)
("C:\Users\Cartron Mathurin\AppData\Local\Programs\MiKTeX\tex/generic/kvdefinek
eys\kvdefinekeys.sty"
Package: kvdefinekeys 2019-12-19 v1.6 Define keys (HO)
)
("C:\Users\Cartron Mathurin\AppData\Local\Programs\MiKTeX\tex/generic/pdfescape
\pdfescape.sty"
Package: pdfescape 2019/12/09 v1.15 Implements pdfTeX's escape features (HO)
)
("C:\Users\Cartron Mathurin\AppData\Local\Programs\MiKTeX\tex/latex/hycolor\hyc
olor.sty"
Package: hycolor 2020-01-27 v1.10 Color options for hyperref/bookmark (HO)
)
("C:\Users\Cartron Mathurin\AppData\Local\Programs\MiKTeX\tex/latex/letltxmacro
\letltxmacro.sty"
Package: letltxmacro 2019/12/03 v1.6 Let assignment for LaTeX macros (HO)
)
("C:\Users\Cartron Mathurin\AppData\Local\Programs\MiKTeX\tex/latex/auxhook\aux
hook.sty"
Package: auxhook 2019-12-17 v1.6 Hooks for auxiliary files (HO)
)
("C:\Users\Cartron Mathurin\AppData\Local\Programs\MiKTeX\tex/latex/kvoptions\k
voptions.sty"
Package: kvoptions 2019/11/29 v3.13 Key value format for package options (HO)
)
\@linkdim=\dimen163
\Hy@linkcounter=\count198
\Hy@pagecounter=\count199

("C:\Users\Cartron Mathurin\AppData\Local\Programs\MiKTeX\tex/latex/hyperref\pd
1enc.def"
File: pd1enc.def 2020-05-15 v7.00e Hyperref: PDFDocEncoding definition (HO)
Now handling font encoding PD1 ...
... no UTF-8 mapping file for font encoding PD1
)
("C:\Users\Cartron Mathurin\AppData\Local\Programs\MiKTeX\tex/generic/intcalc\i
ntcalc.sty"
Package: intcalc 2019/12/15 v1.3 Expandable calculations with integers (HO)
)
("C:\Users\Cartron Mathurin\AppData\Local\Programs\MiKTeX\tex/generic/etexcmds\
etexcmds.sty"
Package: etexcmds 2019/12/15 v1.7 Avoid name clashes with e-TeX commands (HO)
)
\Hy@SavedSpaceFactor=\count266
Package hyperref Info: Hyper figures OFF on input line 4464.
Package hyperref Info: Link nesting OFF on input line 4469.
Package hyperref Info: Hyper index ON on input line 4472.
Package hyperref Info: Plain pages OFF on input line 4479.
Package hyperref Info: Backreferencing OFF on input line 4484.
Package hyperref Info: Implicit mode ON; LaTeX internals redefined.
Package hyperref Info: Bookmarks ON on input line 4717.
\c@Hy@tempcnt=\count267

("C:\Users\Cartron Mathurin\AppData\Local\Programs\MiKTeX\tex/latex/url\url.sty
"
\Urlmuskip=\muskip17
Package: url 2013/09/16  ver 3.4  Verb mode for urls, etc.
)
LaTeX Info: Redefining \url on input line 5076.
\XeTeXLinkMargin=\dimen164

("C:\Users\Cartron Mathurin\AppData\Local\Programs\MiKTeX\tex/generic/bitset\bi
tset.sty"
Package: bitset 2019/12/09 v1.3 Handle bit-vector datatype (HO)

("C:\Users\Cartron Mathurin\AppData\Local\Programs\MiKTeX\tex/generic/bigintcal
c\bigintcalc.sty"
Package: bigintcalc 2019/12/15 v1.5 Expandable calculations on big integers (HO
)
))
\Fld@menulength=\count268
\Field@Width=\dimen165
\Fld@charsize=\dimen166
Package hyperref Info: Hyper figures OFF on input line 6347.
Package hyperref Info: Link nesting OFF on input line 6352.
Package hyperref Info: Hyper index ON on input line 6355.
Package hyperref Info: backreferencing OFF on input line 6362.
Package hyperref Info: Link coloring OFF on input line 6367.
Package hyperref Info: Link coloring with OCG OFF on input line 6372.
Package hyperref Info: PDF/A mode OFF on input line 6377.
LaTeX Info: Redefining \ref on input line 6417.
LaTeX Info: Redefining \pageref on input line 6421.

("C:\Users\Cartron Mathurin\AppData\Local\Programs\MiKTeX\tex/generic/atbegshi\
atbegshi.sty"
Package: atbegshi 2019/12/05 v1.19 At begin shipout hook (HO)
)
\Hy@abspage=\count269
\c@Item=\count270
\c@Hfootnote=\count271
)
Package hyperref Info: Driver (autodetected): hpdftex.

("C:\Users\Cartron Mathurin\AppData\Local\Programs\MiKTeX\tex/latex/hyperref\hp
dftex.def"
File: hpdftex.def 2020-05-15 v7.00e Hyperref driver for pdfTeX

("C:\Users\Cartron Mathurin\AppData\Local\Programs\MiKTeX\tex/latex/atveryend\a
tveryend.sty"
Package: atveryend 2019-12-11 v1.11 Hooks at the very end of document (HO)
Package atveryend Info: \enddocument detected (standard20110627).
)
\Fld@listcount=\count272
\c@bookmark@seq@number=\count273

("C:\Users\Cartron Mathurin\AppData\Local\Programs\MiKTeX\tex/latex/rerunfilech
eck\rerunfilecheck.sty"
Package: rerunfilecheck 2019/12/05 v1.9 Rerun checks for auxiliary files (HO)

("C:\Users\Cartron Mathurin\AppData\Local\Programs\MiKTeX\tex/generic/uniquecou
nter\uniquecounter.sty"
Package: uniquecounter 2019/12/15 v1.4 Provide unlimited unique counter (HO)
)
Package uniquecounter Info: New unique counter `rerunfilecheck' on input line 2
86.
)
\Hy@SectionHShift=\skip55
)
("C:\Users\Cartron Mathurin\AppData\Local\Programs\MiKTeX\tex/latex/listings\li
stings.sty"
\lst@mode=\count274
\lst@gtempboxa=\box47
\lst@token=\toks24
\lst@length=\count275
\lst@currlwidth=\dimen167
\lst@column=\count276
\lst@pos=\count277
\lst@lostspace=\dimen168
\lst@width=\dimen169
\lst@newlines=\count278
\lst@lineno=\count279
\lst@maxwidth=\dimen170

("C:\Users\Cartron Mathurin\AppData\Local\Programs\MiKTeX\tex/latex/listings\ls
tmisc.sty"
File: lstmisc.sty 2020/03/24 1.8d (Carsten Heinz)
\c@lstnumber=\count280
\lst@skipnumbers=\count281
\lst@framebox=\box48
)
("C:\Users\Cartron Mathurin\AppData\Local\Programs\MiKTeX\tex/latex/listings\li
stings.cfg"
File: listings.cfg 2020/03/24 1.8d listings configuration
))
Package: listings 2020/03/24 1.8d (Carsten Heinz)

("C:\Users\Cartron Mathurin\AppData\Local\Programs\MiKTeX\tex/latex/graphics\co
lor.sty"
Package: color 2019/11/23 v1.2a Standard LaTeX Color (DPC)

("C:\Users\Cartron Mathurin\AppData\Local\Programs\MiKTeX\tex/latex/graphics-cf
g\color.cfg"
File: color.cfg 2016/01/02 v1.6 sample color configuration
)
Package color Info: Driver file: pdftex.def on input line 147.
)
("C:\Users\Cartron Mathurin\AppData\Local\Programs\MiKTeX\tex/latex/xcolor\xcol
or.sty"
Package: xcolor 2016/05/11 v2.12 LaTeX color extensions (UK)

("C:\Users\Cartron Mathurin\AppData\Local\Programs\MiKTeX\tex/latex/graphics-cf
g\color.cfg"
File: color.cfg 2016/01/02 v1.6 sample color configuration
)
Package xcolor Info: Driver file: pdftex.def on input line 225.
LaTeX Info: Redefining \color on input line 709.
Package xcolor Info: Model `cmy' substituted by `cmy0' on input line 1348.
Package xcolor Info: Model `hsb' substituted by `rgb' on input line 1352.
Package xcolor Info: Model `RGB' extended on input line 1364.
Package xcolor Info: Model `HTML' substituted by `rgb' on input line 1366.
Package xcolor Info: Model `Hsb' substituted by `hsb' on input line 1367.
Package xcolor Info: Model `tHsb' substituted by `hsb' on input line 1368.
Package xcolor Info: Model `HSB' substituted by `hsb' on input line 1369.
Package xcolor Info: Model `Gray' substituted by `gray' on input line 1370.
Package xcolor Info: Model `wave' substituted by `hsb' on input line 1371.
)
("C:\Users\Cartron Mathurin\AppData\Local\Programs\MiKTeX\tex/latex/l3backend\l
3backend-pdfmode.def"
File: l3backend-pdfmode.def 2020-08-07 L3 backend support: PDF mode
\l__kernel_color_stack_int=\count282
\l__pdf_internal_box=\box49
) ("Compte Rendu.aux"

LaTeX Warning: Label `fig4' multiply defined.

)
\openout1 = `"Compte Rendu.aux"'.

LaTeX Font Info:    Checking defaults for OML/cmm/m/it on input line 56.
LaTeX Font Info:    ... okay on input line 56.
LaTeX Font Info:    Checking defaults for OMS/cmsy/m/n on input line 56.
LaTeX Font Info:    ... okay on input line 56.
LaTeX Font Info:    Checking defaults for OT1/cmr/m/n on input line 56.
LaTeX Font Info:    ... okay on input line 56.
LaTeX Font Info:    Checking defaults for T1/cmr/m/n on input line 56.
LaTeX Font Info:    ... okay on input line 56.
LaTeX Font Info:    Checking defaults for TS1/cmr/m/n on input line 56.
LaTeX Font Info:    ... okay on input line 56.
LaTeX Font Info:    Checking defaults for OMX/cmex/m/n on input line 56.
LaTeX Font Info:    ... okay on input line 56.
LaTeX Font Info:    Checking defaults for U/cmr/m/n on input line 56.
LaTeX Font Info:    ... okay on input line 56.
LaTeX Font Info:    Checking defaults for PD1/pdf/m/n on input line 56.
LaTeX Font Info:    ... okay on input line 56.

*geometry* driver: auto-detecting
*geometry* detected driver: pdftex
*geometry* verbose mode - [ preamble ] result:
* driver: pdftex
* paper: a4paper
* layout: <same size as paper>
* layoutoffset:(h,v)=(0.0pt,0.0pt)
* modes: 
* h-part:(L,W,R)=(89.62709pt, 418.25368pt, 89.6271pt)
* v-part:(T,H,B)=(101.40665pt, 591.5302pt, 152.11pt)
* \paperwidth=597.50787pt
* \paperheight=845.04684pt
* \textwidth=418.25368pt
* \textheight=591.5302pt
* \oddsidemargin=17.3571pt
* \evensidemargin=17.3571pt
* \topmargin=-7.86334pt
* \headheight=12.0pt
* \headsep=25.0pt
* \topskip=10.0pt
* \footskip=30.0pt
* \marginparwidth=57.0pt
* \marginparsep=11.0pt
* \columnsep=10.0pt
* \skip\footins=9.0pt plus 4.0pt minus 2.0pt
* \hoffset=0.0pt
* \voffset=0.0pt
* \mag=1000
* \@twocolumnfalse
* \@twosidefalse
* \@mparswitchfalse
* \@reversemarginfalse
* (1in=72.27pt=25.4mm, 1cm=28.453pt)

Package caption Info: Begin \AtBeginDocument code.
Package caption Info: hyperref package is loaded.
Package caption Info: listings package is loaded.
Package caption Info: End \AtBeginDocument code.

("C:\Users\Cartron Mathurin\AppData\Local\Programs\MiKTeX\tex/context/base/mkii
\supp-pdf.mkii"
[Loading MPS to PDF converter (version 2006.09.02).]
\scratchcounter=\count283
\scratchdimen=\dimen171
\scratchbox=\box50
\nofMPsegments=\count284
\nofMParguments=\count285
\everyMPshowfont=\toks25
\MPscratchCnt=\count286
\MPscratchDim=\dimen172
\MPnumerator=\count287
\makeMPintoPDFobject=\count288
\everyMPtoPDFconversion=\toks26
)
("C:\Users\Cartron Mathurin\AppData\Local\Programs\MiKTeX\tex/latex/epstopdf-pk
g\epstopdf-base.sty"
Package: epstopdf-base 2020-01-24 v2.11 Base part for package epstopdf
Package epstopdf-base Info: Redefining graphics rule for `.eps' on input line 4
85.
)
\AtBeginShipoutBox=\box51
Package hyperref Info: Link coloring OFF on input line 56.

("C:\Users\Cartron Mathurin\AppData\Local\Programs\MiKTeX\tex/latex/hyperref\na
meref.sty"
Package: nameref 2019/09/16 v2.46 Cross-referencing by name of section

("C:\Users\Cartron Mathurin\AppData\Local\Programs\MiKTeX\tex/latex/refcount\re
fcount.sty"
Package: refcount 2019/12/15 v3.6 Data extraction from label references (HO)
)
("C:\Users\Cartron Mathurin\AppData\Local\Programs\MiKTeX\tex/generic/gettitles
tring\gettitlestring.sty"
Package: gettitlestring 2019/12/15 v1.6 Cleanup title references (HO)
)
\c@section@level=\count289
)
LaTeX Info: Redefining \ref on input line 56.
LaTeX Info: Redefining \pageref on input line 56.
LaTeX Info: Redefining \nameref on input line 56.
 ("Compte Rendu.out") ("Compte Rendu.out")
\@outlinefile=\write3
\openout3 = `"Compte Rendu.out"'.

\c@lstlisting=\count290
LaTeX Font Info:    Trying to load font information for U+msa on input line 59.


("C:\Users\Cartron Mathurin\AppData\Local\Programs\MiKTeX\tex/latex/amsfonts\um
sa.fd"
File: umsa.fd 2013/01/14 v3.01 AMS symbols A
)
LaTeX Font Info:    Trying to load font information for U+msb on input line 59.


("C:\Users\Cartron Mathurin\AppData\Local\Programs\MiKTeX\tex/latex/amsfonts\um
sb.fd"
File: umsb.fd 2013/01/14 v3.01 AMS symbols B
) ("Compte Rendu.toc")
\tf@toc=\write4
\openout4 = `"Compte Rendu.toc"'.

<Capture1.PNG, id=53, 754.31813pt x 622.57594pt>
File: Capture1.PNG Graphic file (type png)
<use Capture1.PNG>
Package pdftex.def Info: Capture1.PNG  used on input line 66.
(pdftex.def)             Requested size: 90.34424pt x 74.56339pt.
<Capture2.PNG, id=55, 754.31813pt x 622.57594pt>
File: Capture2.PNG Graphic file (type png)
<use Capture2.PNG>
Package pdftex.def Info: Capture2.PNG  used on input line 70.
(pdftex.def)             Requested size: 90.34424pt x 74.56339pt.
<Capture3.PNG, id=56, 754.31813pt x 622.57594pt>
File: Capture3.PNG Graphic file (type png)
<use Capture3.PNG>
Package pdftex.def Info: Capture3.PNG  used on input line 74.
(pdftex.def)             Requested size: 90.34424pt x 74.56339pt.
<Capture4.PNG, id=57, 754.31813pt x 622.57594pt>
File: Capture4.PNG Graphic file (type png)
<use Capture4.PNG>
Package pdftex.def Info: Capture4.PNG  used on input line 78.
(pdftex.def)             Requested size: 90.34424pt x 74.56339pt.
 [1

{C:/Users/Cartron Mathurin/AppData/Local/MiKTeX/pdftex/config/pdftex.map} <./Ca
pture1.PNG> <./Capture2.PNG> <./Capture3.PNG> <./Capture4.PNG>]
<Affichage .png, id=76, 1170.3725pt x 542.025pt>
File: Affichage .png Graphic file (type png)
<use Affichage .png>
Package pdftex.def Info: Affichage .png  used on input line 95.
(pdftex.def)             Requested size: 376.42575pt x 174.32822pt.
<html.png, id=78, 697.4055pt x 316.18124pt>
File: html.png Graphic file (type png)
<use html.png>
Package pdftex.def Info: html.png  used on input line 103.
(pdftex.def)             Requested size: 150.56798pt x 68.26228pt.
<Page.png, id=79, 342.27875pt x 401.5pt>
File: Page.png Graphic file (type png)
<use Page.png>
Package pdftex.def Info: Page.png  used on input line 109.
(pdftex.def)             Requested size: 94.10643pt x 110.38527pt.
<Boite.png, id=80, 242.9075pt x 662.475pt>
File: Boite.png Graphic file (type png)
<use Boite.png>
Package pdftex.def Info: Boite.png  used on input line 115.
(pdftex.def)             Requested size: 94.10643pt x 256.64575pt.


LaTeX Warning: `!h' float specifier changed to `!ht'.

[2] [3 <./Affichage .png> <./html.png> <./Page.png> <./Boite.png>]
<Niveau.png, id=98, 1241.63875pt x 890.32625pt>
File: Niveau.png Graphic file (type png)
<use Niveau.png>
Package pdftex.def Info: Niveau.png  used on input line 128.
(pdftex.def)             Requested size: 418.25368pt x 299.90836pt.
 [4 <./Niveau.png>]
Package atveryend Info: Empty hook `BeforeClearDocument' on input line 141.
 [5]
Package atveryend Info: Empty hook `AfterLastShipout' on input line 141.
 ("Compte Rendu.aux")
Package atveryend Info: Executing hook `AtVeryEndDocument' on input line 141.
Package atveryend Info: Executing hook `AtEndAfterFileList' on input line 141.


Package rerunfilecheck Warning: File `"Compte Rendu".out' has changed.
(rerunfilecheck)                Rerun to get outlines right
(rerunfilecheck)                or use package `bookmark'.

Package rerunfilecheck Info: Checksums for `"Compte Rendu".out':
(rerunfilecheck)             Before: B037D31FA5C535EB7903482C8289F312;672
(rerunfilecheck)             After:  7C6FD15F470B8142A2F9C8BD8FED2F07;781.

LaTeX Warning: There were multiply-defined labels.

Package atveryend Info: Empty hook `AtVeryVeryEnd' on input line 141.
 ) 
Here is how much of TeX's memory you used:
 9942 strings out of 481212
 152972 string characters out of 2900780
 420595 words of memory out of 3000000
 25342 multiletter control sequences out of 15000+200000
 543764 words of font info for 63 fonts, out of 3000000 for 9000
 1141 hyphenation exceptions out of 8191
 45i,9n,47p,1114b,510s stack positions out of 5000i,500n,10000p,200000b,50000s
<C:/Users/Cartron Mathurin/AppData/Local/Programs/MiKTeX/fonts/type1/public/a
msfonts/cm/cmbx10.pfb><C:/Users/Cartron Mathurin/AppData/Local/Programs/MiKTeX/
fonts/type1/public/amsfonts/cm/cmbx12.pfb><C:/Users/Cartron Mathurin/AppData/Lo
cal/Programs/MiKTeX/fonts/type1/public/amsfonts/cm/cmr10.pfb><C:/Users/Cartron 
Mathurin/AppData/Local/Programs/MiKTeX/fonts/type1/public/amsfonts/cm/cmr12.pfb
><C:/Users/Cartron Mathurin/AppData/Local/Programs/MiKTeX/fonts/type1/public/am
sfonts/cm/cmr17.pfb><C:/Users/Cartron Mathurin/AppData/Local/Programs/MiKTeX/fo
nts/type1/public/amsfonts/cm/cmr9.pfb><C:/Users/Cartron Mathurin/AppData/Local/
Programs/MiKTeX/fonts/type1/public/amsfonts/cm/cmti10.pfb><C:/Users/Cartron Mat
hurin/AppData/Local/Programs/MiKTeX/fonts/type1/public/amsfonts/cm/cmtt10.pfb>
Output written on "Compte Rendu.pdf" (5 pages, 354864 bytes).
PDF statistics:
 143 PDF objects out of 1000 (max. 8388607)
 24 named destinations out of 1000 (max. 500000)
 126 words of extra memory for PDF output out of 10000 (max. 10000000)

